<?xml version="1.0" encoding="UTF-8"?>
<robot generator="Robot 7.1.1 (Python 3.11.9 on win32)" generated="2024-11-09T12:13:00.947457" rpa="false" schemaversion="5">
<suite id="s1" name="RegisterTestcases" source="C:\Users\USER\Desktop\register-fs\testcases\RegisterTestcases.robot">
<kw name="Open Browser" owner="SeleniumLibrary" type="SETUP">
<msg time="2024-11-09T12:13:02.446993" level="INFO">Opening browser 'chrome' to base url 'https://futureskill.co/'.</msg>
<arg>${baseUrl}</arg>
<arg>chrome</arg>
<doc>Opens a new browser instance to the optional ``url``.</doc>
<status status="PASS" start="2024-11-09T12:13:02.446993" elapsed="4.109538"/>
</kw>
<test id="s1-t1" name="As a user, I Register New User to future skill" line="12">
<kw name="when user click register home page to future skill platfrom ${email} and ${first_name} and ${last_name} and ${tele_num} and ${new_Password} and ${confirm_password}" owner="RegisterKeywords" source_name="user click register home page to future skill platfrom ${email} and ${first_name} and ${last_name} and ${tele_num} and ${new_Password} and ${confirm_password}">
<kw name="Wait until element is ready then click element" owner="CommonKeywords">
<kw name="Wait Until Keyword Succeeds" owner="BuiltIn">
<kw name="Click Element" owner="SeleniumLibrary">
<msg time="2024-11-09T12:13:06.560532" level="INFO">Clicking element 'xpath=//button[text()='สมัครสมาชิก']'.</msg>
<arg>${locator}</arg>
<doc>Click the element identified by ``locator``.</doc>
<status status="PASS" start="2024-11-09T12:13:06.559532" elapsed="2.589784"/>
</kw>
<arg>5x</arg>
<arg>5s</arg>
<arg>Click Element</arg>
<arg>${locator}</arg>
<doc>Runs the specified keyword and retries if it fails.</doc>
<status status="PASS" start="2024-11-09T12:13:06.559532" elapsed="2.589784"/>
</kw>
<arg>xpath=//button[text()='สมัครสมาชิก']</arg>
<status status="PASS" start="2024-11-09T12:13:06.558532" elapsed="2.591784"/>
</kw>
<kw name="Wait until element is ready then input text" owner="CommonKeywords">
<kw name="Wait Until Keyword Succeeds" owner="BuiltIn">
<kw name="Input Text" owner="SeleniumLibrary">
<msg time="2024-11-09T12:13:09.151316" level="INFO">Typing text 'Ab.stopbus+133@gmail.com' into text field 'name=email'.</msg>
<arg>${locator}</arg>
<arg>${text}</arg>
<doc>Types the given ``text`` into the text field identified by ``locator``.</doc>
<status status="PASS" start="2024-11-09T12:13:09.151316" elapsed="0.410092"/>
</kw>
<arg>5x</arg>
<arg>10s</arg>
<arg>Input Text</arg>
<arg>${locator}</arg>
<arg>${text}</arg>
<doc>Runs the specified keyword and retries if it fails.</doc>
<status status="PASS" start="2024-11-09T12:13:09.150316" elapsed="0.412093"/>
</kw>
<arg>name=email</arg>
<arg>${email}</arg>
<status status="PASS" start="2024-11-09T12:13:09.150316" elapsed="0.412093"/>
</kw>
<kw name="Wait until element is ready then input text" owner="CommonKeywords">
<kw name="Wait Until Keyword Succeeds" owner="BuiltIn">
<kw name="Input Text" owner="SeleniumLibrary">
<msg time="2024-11-09T12:13:09.563409" level="INFO">Typing text 'Roronoa' into text field 'name=firstName'.</msg>
<arg>${locator}</arg>
<arg>${text}</arg>
<doc>Types the given ``text`` into the text field identified by ``locator``.</doc>
<status status="PASS" start="2024-11-09T12:13:09.563409" elapsed="0.102024"/>
</kw>
<arg>5x</arg>
<arg>10s</arg>
<arg>Input Text</arg>
<arg>${locator}</arg>
<arg>${text}</arg>
<doc>Runs the specified keyword and retries if it fails.</doc>
<status status="PASS" start="2024-11-09T12:13:09.562409" elapsed="0.103024"/>
</kw>
<arg>name=firstName</arg>
<arg>${first_name}</arg>
<status status="PASS" start="2024-11-09T12:13:09.562409" elapsed="0.104024"/>
</kw>
<kw name="Wait until element is ready then input text" owner="CommonKeywords">
<kw name="Wait Until Keyword Succeeds" owner="BuiltIn">
<kw name="Input Text" owner="SeleniumLibrary">
<msg time="2024-11-09T12:13:09.667432" level="INFO">Typing text 'Zoro' into text field 'name=lastName'.</msg>
<arg>${locator}</arg>
<arg>${text}</arg>
<doc>Types the given ``text`` into the text field identified by ``locator``.</doc>
<status status="PASS" start="2024-11-09T12:13:09.666433" elapsed="0.073016"/>
</kw>
<arg>5x</arg>
<arg>10s</arg>
<arg>Input Text</arg>
<arg>${locator}</arg>
<arg>${text}</arg>
<doc>Runs the specified keyword and retries if it fails.</doc>
<status status="PASS" start="2024-11-09T12:13:09.666433" elapsed="0.073016"/>
</kw>
<arg>name=lastName</arg>
<arg>${last_name}</arg>
<status status="PASS" start="2024-11-09T12:13:09.666433" elapsed="0.073016"/>
</kw>
<kw name="Wait until element is ready then input text" owner="CommonKeywords">
<kw name="Wait Until Keyword Succeeds" owner="BuiltIn">
<kw name="Input Text" owner="SeleniumLibrary">
<msg time="2024-11-09T12:13:09.740449" level="INFO">Typing text '0646451178' into text field 'name=phoneNumber'.</msg>
<arg>${locator}</arg>
<arg>${text}</arg>
<doc>Types the given ``text`` into the text field identified by ``locator``.</doc>
<status status="PASS" start="2024-11-09T12:13:09.740449" elapsed="0.075018"/>
</kw>
<arg>5x</arg>
<arg>10s</arg>
<arg>Input Text</arg>
<arg>${locator}</arg>
<arg>${text}</arg>
<doc>Runs the specified keyword and retries if it fails.</doc>
<status status="PASS" start="2024-11-09T12:13:09.739449" elapsed="0.076018"/>
</kw>
<arg>name=phoneNumber</arg>
<arg>${tele_num}</arg>
<status status="PASS" start="2024-11-09T12:13:09.739449" elapsed="0.076018"/>
</kw>
<kw name="Wait until element is ready then input text" owner="CommonKeywords">
<kw name="Wait Until Keyword Succeeds" owner="BuiltIn">
<kw name="Input Text" owner="SeleniumLibrary">
<msg time="2024-11-09T12:13:09.816466" level="INFO">Typing text 'Password123!' into text field 'name=newPassword'.</msg>
<arg>${locator}</arg>
<arg>${text}</arg>
<doc>Types the given ``text`` into the text field identified by ``locator``.</doc>
<status status="PASS" start="2024-11-09T12:13:09.816466" elapsed="0.095022"/>
</kw>
<arg>5x</arg>
<arg>10s</arg>
<arg>Input Text</arg>
<arg>${locator}</arg>
<arg>${text}</arg>
<doc>Runs the specified keyword and retries if it fails.</doc>
<status status="PASS" start="2024-11-09T12:13:09.816466" elapsed="0.095022"/>
</kw>
<arg>name=newPassword</arg>
<arg>${new_Password}</arg>
<status status="PASS" start="2024-11-09T12:13:09.816466" elapsed="0.095022"/>
</kw>
<kw name="Wait until element is ready then input text" owner="CommonKeywords">
<kw name="Wait Until Keyword Succeeds" owner="BuiltIn">
<kw name="Input Text" owner="SeleniumLibrary">
<msg time="2024-11-09T12:13:09.912488" level="INFO">Typing text 'Password123!' into text field 'name=confirmPassword'.</msg>
<arg>${locator}</arg>
<arg>${text}</arg>
<doc>Types the given ``text`` into the text field identified by ``locator``.</doc>
<status status="PASS" start="2024-11-09T12:13:09.912488" elapsed="0.077018"/>
</kw>
<arg>5x</arg>
<arg>10s</arg>
<arg>Input Text</arg>
<arg>${locator}</arg>
<arg>${text}</arg>
<doc>Runs the specified keyword and retries if it fails.</doc>
<status status="PASS" start="2024-11-09T12:13:09.912488" elapsed="0.077018"/>
</kw>
<arg>name=confirmPassword</arg>
<arg>${confirm_password}</arg>
<status status="PASS" start="2024-11-09T12:13:09.911488" elapsed="0.078018"/>
</kw>
<kw name="Wait until element is ready then click element" owner="CommonKeywords">
<kw name="Wait Until Keyword Succeeds" owner="BuiltIn">
<kw name="Click Element" owner="SeleniumLibrary">
<msg time="2024-11-09T12:13:09.990506" level="INFO">Clicking element 'xpath=//input[@type='checkbox' and @name='consent']'.</msg>
<arg>${locator}</arg>
<doc>Click the element identified by ``locator``.</doc>
<status status="PASS" start="2024-11-09T12:13:09.990506" elapsed="0.050012"/>
</kw>
<arg>5x</arg>
<arg>5s</arg>
<arg>Click Element</arg>
<arg>${locator}</arg>
<doc>Runs the specified keyword and retries if it fails.</doc>
<status status="PASS" start="2024-11-09T12:13:09.990506" elapsed="0.050012"/>
</kw>
<arg>xpath=//input[@type='checkbox' and @name='consent']</arg>
<status status="PASS" start="2024-11-09T12:13:09.989506" elapsed="0.051012"/>
</kw>
<kw name="Wait until element is ready then click element" owner="CommonKeywords">
<kw name="Wait Until Keyword Succeeds" owner="BuiltIn">
<kw name="Click Element" owner="SeleniumLibrary">
<msg time="2024-11-09T12:13:10.041517" level="INFO">Clicking element 'xpath=//button[@type="submit" and text()="สมัครสมาชิก"]'.</msg>
<arg>${locator}</arg>
<doc>Click the element identified by ``locator``.</doc>
<status status="PASS" start="2024-11-09T12:13:10.041517" elapsed="0.097026"/>
</kw>
<arg>5x</arg>
<arg>5s</arg>
<arg>Click Element</arg>
<arg>${locator}</arg>
<doc>Runs the specified keyword and retries if it fails.</doc>
<status status="PASS" start="2024-11-09T12:13:10.041517" elapsed="0.098023"/>
</kw>
<arg>xpath=//button[@type="submit" and text()="สมัครสมาชิก"]</arg>
<status status="PASS" start="2024-11-09T12:13:10.040518" elapsed="0.099022"/>
</kw>
<status status="PASS" start="2024-11-09T12:13:06.558532" elapsed="3.581008"/>
</kw>
<kw name="Then future skill should display register page and display message as &quot;ระบบได้ส่งรหัส OTP ไปยังเบอร์โทรศัพท์&quot;" owner="RegisterKeywords" source_name="future skill should display register page and display message as &quot;${expected_message}&quot;">
<kw name="Wait until page contains element then verify text" owner="CommonKeywords">
<kw name="Wait Until Keyword Succeeds" owner="BuiltIn">
<kw name="Page Should Contain" owner="SeleniumLibrary">
<msg time="2024-11-09T12:13:10.372591" level="INFO" html="true">&lt;/td&gt;&lt;/tr&gt;&lt;tr&gt;&lt;td colspan="3"&gt;&lt;a href="selenium-screenshot-4.png"&gt;&lt;img src="selenium-screenshot-4.png" width="800px"&gt;&lt;/a&gt;</msg>
<msg time="2024-11-09T12:13:10.372591" level="FAIL">StaleElementReferenceException: Message: stale element reference: stale element not found in the current frame
  (Session info: chrome=130.0.6723.117); For documentation on this error, please visit: https://www.selenium.dev/documentation/webdriver/troubleshooting/errors#stale-element-reference-exception
Stacktrace:
	GetHandleVerifier [0x00007FF7262938A5+3004357]
	(No symbol) [0x00007FF725F29970]
	(No symbol) [0x00007FF725DD582A]
	(No symbol) [0x00007FF725DDC2E2]
	(No symbol) [0x00007FF725DDE637]
	(No symbol) [0x00007FF725DDE6F0]
	(No symbol) [0x00007FF725E28004]
	(No symbol) [0x00007FF725E6DC5B]
	(No symbol) [0x00007FF725E4BBDA]
	(No symbol) [0x00007FF725E6BA4C]
	(No symbol) [0x00007FF725E4B983]
	(No symbol) [0x00007FF725E17628]
	(No symbol) [0x00007FF725E18791]
	GetHandleVerifier [0x00007FF7262BA00D+3161901]
	GetHandleVerifier [0x00007FF72630E060+3506048]
	GetHandleVerifier [0x00007FF72630400D+3465005]
	GetHandleVerifier [0x00007FF726080EEB+830987]
	(No symbol) [0x00007FF725F3467F]
	(No symbol) [0x00007FF725F309D4]
	(No symbol) [0x00007FF725F30B6D]
	(No symbol) [0x00007FF725F20149]
	BaseThreadInitThunk [0x00007FFE810B7374+20]
	RtlUserThreadStart [0x00007FFE81A7CC91+33]
</msg>
<arg>${expected_text}</arg>
<doc>Verifies that current page contains ``text``.</doc>
<status status="FAIL" start="2024-11-09T12:13:10.140540" elapsed="0.235053">StaleElementReferenceException: Message: stale element reference: stale element not found in the current frame
  (Session info: chrome=130.0.6723.117); For documentation on this error, please visit: https://www.selenium.dev/documentation/webdriver/troubleshooting/errors#stale-element-reference-exception
Stacktrace:
	GetHandleVerifier [0x00007FF7262938A5+3004357]
	(No symbol) [0x00007FF725F29970]
	(No symbol) [0x00007FF725DD582A]
	(No symbol) [0x00007FF725DDC2E2]
	(No symbol) [0x00007FF725DDE637]
	(No symbol) [0x00007FF725DDE6F0]
	(No symbol) [0x00007FF725E28004]
	(No symbol) [0x00007FF725E6DC5B]
	(No symbol) [0x00007FF725E4BBDA]
	(No symbol) [0x00007FF725E6BA4C]
	(No symbol) [0x00007FF725E4B983]
	(No symbol) [0x00007FF725E17628]
	(No symbol) [0x00007FF725E18791]
	GetHandleVerifier [0x00007FF7262BA00D+3161901]
	GetHandleVerifier [0x00007FF72630E060+3506048]
	GetHandleVerifier [0x00007FF72630400D+3465005]
	GetHandleVerifier [0x00007FF726080EEB+830987]
	(No symbol) [0x00007FF725F3467F]
	(No symbol) [0x00007FF725F309D4]
	(No symbol) [0x00007FF725F30B6D]
	(No symbol) [0x00007FF725F20149]
	BaseThreadInitThunk [0x00007FFE810B7374+20]
	RtlUserThreadStart [0x00007FFE81A7CC91+33]
</status>
</kw>
<kw name="Page Should Contain" owner="SeleniumLibrary">
<msg time="2024-11-09T12:13:20.383732" level="INFO">Current page contains text 'ระบบได้ส่งรหัส OTP ไปยังเบอร์โทรศัพท์'.</msg>
<arg>${expected_text}</arg>
<doc>Verifies that current page contains ``text``.</doc>
<status status="PASS" start="2024-11-09T12:13:20.375730" elapsed="0.009005"/>
</kw>
<arg>5x</arg>
<arg>10s</arg>
<arg>Page Should Contain</arg>
<arg>${expected_text}</arg>
<doc>Runs the specified keyword and retries if it fails.</doc>
<status status="PASS" start="2024-11-09T12:13:10.140540" elapsed="10.244195"/>
</kw>
<arg>${expected_message}</arg>
<status status="PASS" start="2024-11-09T12:13:10.140540" elapsed="10.244195"/>
</kw>
<status status="PASS" start="2024-11-09T12:13:10.139540" elapsed="10.245195"/>
</kw>
<kw name="Capture Page Screenshot" owner="SeleniumLibrary" type="TEARDOWN">
<msg time="2024-11-09T12:13:20.514761" level="INFO" html="true">&lt;/td&gt;&lt;/tr&gt;&lt;tr&gt;&lt;td colspan="3"&gt;&lt;a href="selenium-screenshot-5.png"&gt;&lt;img src="selenium-screenshot-5.png" width="800px"&gt;&lt;/a&gt;</msg>
<doc>Takes a screenshot of the current page and embeds it into a log file.</doc>
<status status="PASS" start="2024-11-09T12:13:20.385735" elapsed="0.129026"/>
</kw>
<status status="PASS" start="2024-11-09T12:13:06.557531" elapsed="13.957230"/>
</test>
<kw name="Close Browser" owner="SeleniumLibrary" type="TEARDOWN">
<doc>Closes the current browser.</doc>
<status status="PASS" start="2024-11-09T12:13:20.515762" elapsed="2.253135"/>
</kw>
<status status="PASS" start="2024-11-09T12:13:00.949459" elapsed="21.819438"/>
</suite>
<statistics>
<total>
<stat pass="1" fail="0" skip="0">All Tests</stat>
</total>
<tag>
</tag>
<suite>
<stat pass="1" fail="0" skip="0" id="s1" name="RegisterTestcases">RegisterTestcases</stat>
</suite>
</statistics>
<errors>
</errors>
</robot>
